<?xml version="1.0" encoding="UTF-8"?>
<!-- Generated by org.testng.reporters.JUnitReportReporter -->
<testsuite hostname="muhammadnaeem" failures="0" tests="1" name="us.piit.LogoutTest" time="5.955" errors="0" timestamp="2023-05-15T23:53:31 EDT" skipped="0">
  <testcase classname="us.piit.LogoutTest" name="logout" time="5.955"/>
  <system-out/>
</testsuite> <!-- us.piit.LogoutTest -->
